<?xml version="1.0" encoding="UTF-8"?>
<testsuite xmlns:xsi="http://www.w3.org/2001/XMLSchema-instance" xsi:schemaLocation="https://maven.apache.org/surefire/maven-surefire-plugin/xsd/surefire-test-report.xsd" name="tdd.CarritoComprasTest" time="0.02" tests="7" errors="0" skipped="0" failures="0">
  <properties>
[...]
</properties>
  <testcase name="aceptarPrecioCero" classname="tdd.CarritoComprasTest" time="0.014"/>
  <testcase name="diferentesTiposProductos" classname="tdd.CarritoComprasTest" time="0"/>
  <testcase name="agregarPromociones" classname="tdd.CarritoComprasTest" time="0.001"/>
  <testcase name="calcularTotalProductosCarrito" classname="tdd.CarritoComprasTest" time="0"/>
  <testcase name="agregarImpuestoVentas" classname="tdd.CarritoComprasTest" time="0"/>
  <testcase name="agregarProductosCarrito" classname="tdd.CarritoComprasTest" time="0.001"/>
  <testcase name="denegarPrecioNegativosProductos" classname="tdd.CarritoComprasTest" time="0.002"/>
</testsuite>